Added Component: Designator=C1(CAPC1608X95N)
Add component (AddParameter): Name = "Arrow Part Number"; Value = "C0603C104K1RACAUTO"; VariantName = "[No Variations]"
Add component (AddParameter): Name = "Arrow Price/Stock"; Value = "https://www.arrow.com/en/products/c0603c104k1racauto/kemet-corporation?region=europe"; VariantName = "[No Variations]"
Add component (AddParameter): Name = "Datasheet Link"; Value = "https://connect.kemet.com:7667/gateway/IntelliData-ComponentDocumentation/1.0/download/specsheet/C0603C104K1RACAUTO"; VariantName = "[No Variations]"
Add component (AddParameter): Name = "Height"; Value = "0.95mm"; VariantName = "[No Variations]"
Add component (AddParameter): Name = "Manufacturer_Name"; Value = "KEMET"; VariantName = "[No Variations]"
Add component (AddParameter): Name = "Manufacturer_Part_Number"; Value = "C0603C104K1RACAUTO"; VariantName = "[No Variations]"
Add component (AddParameter): Name = "Mouser Part Number"; Value = "80-C0603C104K1RAUTO"; VariantName = "[No Variations]"
Add component (AddParameter): Name = "Mouser Price/Stock"; Value = "https://www.mouser.co.uk/ProductDetail/KEMET/C0603C104K1RACAUTO?qs=3Rah4i%252BhyCGTQ5uPNXtfZA%3D%3D"; VariantName = "[No Variations]"
Added Component: Designator=C2(CAPC1608X95N)
Add component (AddParameter): Name = "Arrow Part Number"; Value = "C0603C104K1RACAUTO"; VariantName = "[No Variations]"
Add component (AddParameter): Name = "Arrow Price/Stock"; Value = "https://www.arrow.com/en/products/c0603c104k1racauto/kemet-corporation?region=europe"; VariantName = "[No Variations]"
Add component (AddParameter): Name = "Datasheet Link"; Value = "https://connect.kemet.com:7667/gateway/IntelliData-ComponentDocumentation/1.0/download/specsheet/C0603C104K1RACAUTO"; VariantName = "[No Variations]"
Add component (AddParameter): Name = "Height"; Value = "0.95mm"; VariantName = "[No Variations]"
Add component (AddParameter): Name = "Manufacturer_Name"; Value = "KEMET"; VariantName = "[No Variations]"
Add component (AddParameter): Name = "Manufacturer_Part_Number"; Value = "C0603C104K1RACAUTO"; VariantName = "[No Variations]"
Add component (AddParameter): Name = "Mouser Part Number"; Value = "80-C0603C104K1RAUTO"; VariantName = "[No Variations]"
Add component (AddParameter): Name = "Mouser Price/Stock"; Value = "https://www.mouser.co.uk/ProductDetail/KEMET/C0603C104K1RACAUTO?qs=3Rah4i%252BhyCGTQ5uPNXtfZA%3D%3D"; VariantName = "[No Variations]"
Added Component: Designator=C3(CAPC1608X95N)
Add component (AddParameter): Name = "Arrow Part Number"; Value = "C0603C104K1RACAUTO"; VariantName = "[No Variations]"
Add component (AddParameter): Name = "Arrow Price/Stock"; Value = "https://www.arrow.com/en/products/c0603c104k1racauto/kemet-corporation?region=europe"; VariantName = "[No Variations]"
Add component (AddParameter): Name = "Datasheet Link"; Value = "https://connect.kemet.com:7667/gateway/IntelliData-ComponentDocumentation/1.0/download/specsheet/C0603C104K1RACAUTO"; VariantName = "[No Variations]"
Add component (AddParameter): Name = "Height"; Value = "0.95mm"; VariantName = "[No Variations]"
Add component (AddParameter): Name = "Manufacturer_Name"; Value = "KEMET"; VariantName = "[No Variations]"
Add component (AddParameter): Name = "Manufacturer_Part_Number"; Value = "C0603C104K1RACAUTO"; VariantName = "[No Variations]"
Add component (AddParameter): Name = "Mouser Part Number"; Value = "80-C0603C104K1RAUTO"; VariantName = "[No Variations]"
Add component (AddParameter): Name = "Mouser Price/Stock"; Value = "https://www.mouser.co.uk/ProductDetail/KEMET/C0603C104K1RACAUTO?qs=3Rah4i%252BhyCGTQ5uPNXtfZA%3D%3D"; VariantName = "[No Variations]"
Added Component: Designator=C4(CAPC1608X95N)
Add component (AddParameter): Name = "Arrow Part Number"; Value = "C0603C104K1RACAUTO"; VariantName = "[No Variations]"
Add component (AddParameter): Name = "Arrow Price/Stock"; Value = "https://www.arrow.com/en/products/c0603c104k1racauto/kemet-corporation?region=europe"; VariantName = "[No Variations]"
Add component (AddParameter): Name = "Datasheet Link"; Value = "https://connect.kemet.com:7667/gateway/IntelliData-ComponentDocumentation/1.0/download/specsheet/C0603C104K1RACAUTO"; VariantName = "[No Variations]"
Add component (AddParameter): Name = "Height"; Value = "0.95mm"; VariantName = "[No Variations]"
Add component (AddParameter): Name = "Manufacturer_Name"; Value = "KEMET"; VariantName = "[No Variations]"
Add component (AddParameter): Name = "Manufacturer_Part_Number"; Value = "C0603C104K1RACAUTO"; VariantName = "[No Variations]"
Add component (AddParameter): Name = "Mouser Part Number"; Value = "80-C0603C104K1RAUTO"; VariantName = "[No Variations]"
Add component (AddParameter): Name = "Mouser Price/Stock"; Value = "https://www.mouser.co.uk/ProductDetail/KEMET/C0603C104K1RACAUTO?qs=3Rah4i%252BhyCGTQ5uPNXtfZA%3D%3D"; VariantName = "[No Variations]"
Added Component: Designator=J1(RHDR14W70P0X254_1X14_3596X250X865P)
Add component (AddParameter): Name = "Arrow Part Number"; Value = ""; VariantName = "[No Variations]"
Add component (AddParameter): Name = "Arrow Price/Stock"; Value = ""; VariantName = "[No Variations]"
Add component (AddParameter): Name = "Datasheet Link"; Value = "https://cdn.harwin.com/pdfs/M20-782.pdf"; VariantName = "[No Variations]"
Add component (AddParameter): Name = "Height"; Value = "8.65mm"; VariantName = "[No Variations]"
Add component (AddParameter): Name = "Manufacturer_Name"; Value = "Harwin"; VariantName = "[No Variations]"
Add component (AddParameter): Name = "Manufacturer_Part_Number"; Value = "M20-7821446"; VariantName = "[No Variations]"
Add component (AddParameter): Name = "Mouser Part Number"; Value = "855-M20-7821446"; VariantName = "[No Variations]"
Add component (AddParameter): Name = "Mouser Price/Stock"; Value = "https://www.mouser.co.uk/ProductDetail/Harwin/M20-7821446?qs=Jph8NoUxIfX%2FjYzLF0Toqw%3D%3D"; VariantName = "[No Variations]"
Added Component: Designator=MD1(E28-2G4M27S)
Added Component: Designator=MD2(E28-2G4M27S)
Added Component: Designator=R1(RESC1608X55N)
Add component (AddParameter): Name = "Arrow Part Number"; Value = "CRCW06034R70FKEAHP"; VariantName = "[No Variations]"
Add component (AddParameter): Name = "Arrow Price/Stock"; Value = "https://www.arrow.com/en/products/crcw06034r70fkeahp/vishay?region=nac"; VariantName = "[No Variations]"
Add component (AddParameter): Name = "Datasheet Link"; Value = "http://uk.rs-online.com/web/p/products/8206877"; VariantName = "[No Variations]"
Add component (AddParameter): Name = "Height"; Value = "0.55mm"; VariantName = "[No Variations]"
Add component (AddParameter): Name = "Manufacturer_Name"; Value = "Vishay"; VariantName = "[No Variations]"
Add component (AddParameter): Name = "Manufacturer_Part_Number"; Value = "CRCW06034R70FKEAHP"; VariantName = "[No Variations]"
Add component (AddParameter): Name = "Mouser Part Number"; Value = "71-CRCW06034R70FKEAH"; VariantName = "[No Variations]"
Add component (AddParameter): Name = "Mouser Price/Stock"; Value = "https://www.mouser.co.uk/ProductDetail/Vishay-Dale/CRCW06034R70FKEAHP?qs=zlv9Rr0w%252BHo2DV5S%252Bz7lug%3D%3D"; VariantName = "[No Variations]"
Added Component: Designator=R2(RESC1608X55N)
Add component (AddParameter): Name = "Arrow Part Number"; Value = "CRCW06034R70FKEAHP"; VariantName = "[No Variations]"
Add component (AddParameter): Name = "Arrow Price/Stock"; Value = "https://www.arrow.com/en/products/crcw06034r70fkeahp/vishay?region=nac"; VariantName = "[No Variations]"
Add component (AddParameter): Name = "Datasheet Link"; Value = "http://uk.rs-online.com/web/p/products/8206877"; VariantName = "[No Variations]"
Add component (AddParameter): Name = "Height"; Value = "0.55mm"; VariantName = "[No Variations]"
Add component (AddParameter): Name = "Manufacturer_Name"; Value = "Vishay"; VariantName = "[No Variations]"
Add component (AddParameter): Name = "Manufacturer_Part_Number"; Value = "CRCW06034R70FKEAHP"; VariantName = "[No Variations]"
Add component (AddParameter): Name = "Mouser Part Number"; Value = "71-CRCW06034R70FKEAH"; VariantName = "[No Variations]"
Add component (AddParameter): Name = "Mouser Price/Stock"; Value = "https://www.mouser.co.uk/ProductDetail/Vishay-Dale/CRCW06034R70FKEAHP?qs=zlv9Rr0w%252BHo2DV5S%252Bz7lug%3D%3D"; VariantName = "[No Variations]"
Added Component: Designator=R3(RESC1608X55N)
Add component (AddParameter): Name = "Arrow Part Number"; Value = "CRCW06034R70FKEAHP"; VariantName = "[No Variations]"
Add component (AddParameter): Name = "Arrow Price/Stock"; Value = "https://www.arrow.com/en/products/crcw06034r70fkeahp/vishay?region=nac"; VariantName = "[No Variations]"
Add component (AddParameter): Name = "Datasheet Link"; Value = "http://uk.rs-online.com/web/p/products/8206877"; VariantName = "[No Variations]"
Add component (AddParameter): Name = "Height"; Value = "0.55mm"; VariantName = "[No Variations]"
Add component (AddParameter): Name = "Manufacturer_Name"; Value = "Vishay"; VariantName = "[No Variations]"
Add component (AddParameter): Name = "Manufacturer_Part_Number"; Value = "CRCW06034R70FKEAHP"; VariantName = "[No Variations]"
Add component (AddParameter): Name = "Mouser Part Number"; Value = "71-CRCW06034R70FKEAH"; VariantName = "[No Variations]"
Add component (AddParameter): Name = "Mouser Price/Stock"; Value = "https://www.mouser.co.uk/ProductDetail/Vishay-Dale/CRCW06034R70FKEAHP?qs=zlv9Rr0w%252BHo2DV5S%252Bz7lug%3D%3D"; VariantName = "[No Variations]"
Added Component: Designator=R4(RESC1608X55N)
Add component (AddParameter): Name = "Arrow Part Number"; Value = "CRCW06034R70FKEAHP"; VariantName = "[No Variations]"
Add component (AddParameter): Name = "Arrow Price/Stock"; Value = "https://www.arrow.com/en/products/crcw06034r70fkeahp/vishay?region=nac"; VariantName = "[No Variations]"
Add component (AddParameter): Name = "Datasheet Link"; Value = "http://uk.rs-online.com/web/p/products/8206877"; VariantName = "[No Variations]"
Add component (AddParameter): Name = "Height"; Value = "0.55mm"; VariantName = "[No Variations]"
Add component (AddParameter): Name = "Manufacturer_Name"; Value = "Vishay"; VariantName = "[No Variations]"
Add component (AddParameter): Name = "Manufacturer_Part_Number"; Value = "CRCW06034R70FKEAHP"; VariantName = "[No Variations]"
Add component (AddParameter): Name = "Mouser Part Number"; Value = "71-CRCW06034R70FKEAH"; VariantName = "[No Variations]"
Add component (AddParameter): Name = "Mouser Price/Stock"; Value = "https://www.mouser.co.uk/ProductDetail/Vishay-Dale/CRCW06034R70FKEAHP?qs=zlv9Rr0w%252BHo2DV5S%252Bz7lug%3D%3D"; VariantName = "[No Variations]"
Added Component: Designator=U1(NEW_NUCLEO)
Add component (AddParameter): Name = "Availability"; Value = "In Stock"; VariantName = "[No Variations]"
Add component (AddParameter): Name = "Check_prices"; Value = "https://www.snapeda.com/parts/NUCLEOH723ZG/STMicroelectronics/view-part/?ref=eda"; VariantName = "[No Variations]"
Add component (AddParameter): Name = "MF"; Value = "STMicroelectronics"; VariantName = "[No Variations]"
Add component (AddParameter): Name = "MP"; Value = "NUCLEOH723ZG"; VariantName = "[No Variations]"
Add component (AddParameter): Name = "Package"; Value = "None"; VariantName = "[No Variations]"
Add component (AddParameter): Name = "Price"; Value = "None"; VariantName = "[No Variations]"
Add component (AddParameter): Name = "Purchase-URL"; Value = "https://pricing.snapeda.com/search/part/NUCLEOH723ZG/?ref=eda"; VariantName = "[No Variations]"
Add component (AddParameter): Name = "SnapEDA_Link"; Value = "https://www.snapeda.com/parts/NUCLEOH723ZG/STMicroelectronics/view-part/?ref=snap"; VariantName = "[No Variations]"
Add component (AddParameter): Name = "Value"; Value = ""; VariantName = "[No Variations]"
Added Pin To Net: NetName=GND Pin=C1-1
Added Pin To Net: NetName=3V3 Pin=C1-2
Added Pin To Net: NetName=GND Pin=C2-1
Added Pin To Net: NetName=3V3 Pin=C2-2
Added Pin To Net: NetName=GND Pin=C3-1
Added Pin To Net: NetName=3V3 Pin=C3-2
Added Pin To Net: NetName=GND Pin=C4-1
Added Pin To Net: NetName=3V3 Pin=C4-2
Added Pin To Net: NetName=3V3 Pin=J1-1
Added Pin To Net: NetName=GND Pin=J1-2
Added Pin To Net: NetName=CS_TFT Pin=J1-3
Added Pin To Net: NetName=RST_TFT Pin=J1-4
Added Pin To Net: NetName=DC_TFT Pin=J1-5
Added Pin To Net: NetName=MOSI_TFT Pin=J1-6
Added Pin To Net: NetName=SCK_TFT Pin=J1-7
Added Pin To Net: NetName=3V3 Pin=J1-8
Added Pin To Net: NetName=MISO_TFT Pin=J1-9
Added Pin To Net: NetName=3V3 Pin=MD1-1
Added Pin To Net: NetName=GND Pin=MD1-2
Added Pin To Net: NetName=MISO_RADIO_0 Pin=MD1-3
Added Pin To Net: NetName=MOSI_RADIO_0 Pin=MD1-4
Added Pin To Net: NetName=SCK_RADIO_0 Pin=MD1-5
Added Pin To Net: NetName=NSS_RADIO_0 Pin=MD1-6
Added Pin To Net: NetName=GND Pin=MD1-7
Added Pin To Net: NetName=RX_EN_RADIO_0 Pin=MD1-8
Added Pin To Net: NetName=TX_EN_RADIO_0 Pin=MD1-9
Added Pin To Net: NetName=GND Pin=MD1-10
Added Pin To Net: NetName=RST_RADIO_0 Pin=MD1-11
Added Pin To Net: NetName=BUSY_RADIO_0 Pin=MD1-12
Added Pin To Net: NetName=INT_RADIO_0 Pin=MD1-13
Added Pin To Net: NetName=GND Pin=MD1-16
Added Pin To Net: NetName=3V3 Pin=MD2-1
Added Pin To Net: NetName=GND Pin=MD2-2
Added Pin To Net: NetName=MISO_RADIO_1 Pin=MD2-3
Added Pin To Net: NetName=MOSI_RADIO_1 Pin=MD2-4
Added Pin To Net: NetName=SCK_RADIO_1 Pin=MD2-5
Added Pin To Net: NetName=NSS_RADIO_1 Pin=MD2-6
Added Pin To Net: NetName=GND Pin=MD2-7
Added Pin To Net: NetName=NetMD2_8 Pin=MD2-8
Added Pin To Net: NetName=NetMD2_9 Pin=MD2-9
Added Pin To Net: NetName=GND Pin=MD2-10
Added Pin To Net: NetName=RST_RADIO_1 Pin=MD2-11
Added Pin To Net: NetName=BUSY_RADIO_1 Pin=MD2-12
Added Pin To Net: NetName=INT_RADIO_1 Pin=MD2-13
Added Pin To Net: NetName=GND Pin=MD2-16
Added Pin To Net: NetName=GND Pin=R1-1
Added Pin To Net: NetName=3V3 Pin=R2-1
Added Pin To Net: NetName=NetMD2_8 Pin=R2-2
Added Pin To Net: NetName=GND Pin=R3-1
Added Pin To Net: NetName=NetMD2_9 Pin=R3-2
Added Pin To Net: NetName=3V3 Pin=R4-1
Added Pin To Net: NetName=NetMD2_9 Pin=R4-2
Added Pin To Net: NetName=BUSY_RADIO_0 Pin=U1-CN11_4
Added Pin To Net: NetName=GND Pin=U1-CN11_8
Added Pin To Net: NetName=DC_TFT Pin=U1-CN11_9
Added Pin To Net: NetName=3V3 Pin=U1-CN11_16
Added Pin To Net: NetName=RST_RADIO_0 Pin=U1-CN11_17
Added Pin To Net: NetName=GND Pin=U1-CN11_19
Added Pin To Net: NetName=GND Pin=U1-CN11_20
Added Pin To Net: NetName=GND Pin=U1-CN11_22
Added Pin To Net: NetName=NSS_RADIO_1 Pin=U1-CN11_32
Added Pin To Net: NetName=MISO_RADIO_0 Pin=U1-CN11_35
Added Pin To Net: NetName=MOSI_RADIO_0 Pin=U1-CN11_36
Added Pin To Net: NetName=RST_TFT Pin=U1-CN11_38
Added Pin To Net: NetName=SCK_RADIO_0 Pin=U1-CN11_40
Added Pin To Net: NetName=GND Pin=U1-CN11_49
Added Pin To Net: NetName=MISO_TFT Pin=U1-CN11_50
Added Pin To Net: NetName=GND Pin=U1-CN11_60
Added Pin To Net: NetName=MOSI_TFT Pin=U1-CN11_62
Added Pin To Net: NetName=MISO_RADIO_1 Pin=U1-CN11_63
Added Pin To Net: NetName=GND Pin=U1-CN12_9
Added Pin To Net: NetName=SCK_RADIO_1 Pin=U1-CN12_11
Added Pin To Net: NetName=NSS_RADIO_0 Pin=U1-CN12_16
Added Pin To Net: NetName=GND Pin=U1-CN12_20
Added Pin To Net: NetName=RST_RADIO_1 Pin=U1-CN12_22
Added Pin To Net: NetName=INT_RADIO_1 Pin=U1-CN12_24
Added Pin To Net: NetName=BUSY_RADIO_1 Pin=U1-CN12_27
Added Pin To Net: NetName=MOSI_RADIO_1 Pin=U1-CN12_29
Added Pin To Net: NetName=GND Pin=U1-CN12_32
Added Pin To Net: NetName=CS_TFT Pin=U1-CN12_38
Added Pin To Net: NetName=GND Pin=U1-CN12_39
Added Pin To Net: NetName=SCK_TFT Pin=U1-CN12_49
Added Pin To Net: NetName=GND Pin=U1-CN12_54
Added Pin To Net: NetName=INT_RADIO_0 Pin=U1-CN12_59
Added Pin To Net: NetName=GND Pin=U1-CN12_63
Added Pin To Net: NetName=TX_EN_RADIO_0 Pin=U1-CN12_68
Added Pin To Net: NetName=RX_EN_RADIO_0 Pin=U1-CN12_69
Added Member To Class: ClassName=main Member=Component C1 10u
Added Member To Class: ClassName=main Member=Component C2 0.1u
Added Member To Class: ClassName=main Member=Component C3 10u
Added Member To Class: ClassName=main Member=Component C4 0.1u
Added Member To Class: ClassName=main Member=Component J1 M20-7821446
Added Member To Class: ClassName=main Member=Component MD1 E28-2G4M27S
Added Member To Class: ClassName=main Member=Component MD2 E28-2G4M27S
Added Member To Class: ClassName=main Member=Component R1 0K
Added Member To Class: ClassName=main Member=Component R2 0K
Added Member To Class: ClassName=main Member=Component R3 0K
Added Member To Class: ClassName=main Member=Component R4 0K
Added Member To Class: ClassName=main Member=Component U1 NUCLEOH723ZG
