Removed Pin From Net: NetName=3V3 Pin=J1-1
Removed Pin From Net: NetName=GND Pin=J1-2
Removed Pin From Net: NetName=CS_TFT Pin=J1-3
Removed Pin From Net: NetName=RST_TFT Pin=J1-4
Removed Pin From Net: NetName=DC_TFT Pin=J1-5
Removed Pin From Net: NetName=MOSI_TFT Pin=J1-6
Removed Pin From Net: NetName=SCK_TFT Pin=J1-7
Removed Pin From Net: NetName=3V3 Pin=J1-8
Removed Pin From Net: NetName=MISO_TFT Pin=J1-9
Removed Member From Class: ClassName=main Member=J1
Added Component: Designator=MD3(DISPLAY_240x320_2.8)
Add component (AddParameter): Name = "Arrow Part Number"; Value = ""; VariantName = "[No Variations]"
Add component (AddParameter): Name = "Arrow Price/Stock"; Value = ""; VariantName = "[No Variations]"
Add component (AddParameter): Name = "Datasheet Link"; Value = "https://cdn.harwin.com/pdfs/M20-782.pdf"; VariantName = "[No Variations]"
Add component (AddParameter): Name = "Height"; Value = "8.65mm"; VariantName = "[No Variations]"
Add component (AddParameter): Name = "Manufacturer_Name"; Value = "Harwin"; VariantName = "[No Variations]"
Add component (AddParameter): Name = "Manufacturer_Part_Number"; Value = "M20-7821446"; VariantName = "[No Variations]"
Add component (AddParameter): Name = "Mouser Part Number"; Value = "855-M20-7821446"; VariantName = "[No Variations]"
Add component (AddParameter): Name = "Mouser Price/Stock"; Value = "https://www.mouser.co.uk/ProductDetail/Harwin/M20-7821446?qs=Jph8NoUxIfX%2FjYzLF0Toqw%3D%3D"; VariantName = "[No Variations]"
Added Pin To Net: NetName=3V3 Pin=MD3-1
Added Pin To Net: NetName=GND Pin=MD3-2
Added Pin To Net: NetName=CS_TFT Pin=MD3-3
Added Pin To Net: NetName=RST_TFT Pin=MD3-4
Added Pin To Net: NetName=DC_TFT Pin=MD3-5
Added Pin To Net: NetName=MOSI_TFT Pin=MD3-6
Added Pin To Net: NetName=SCK_TFT Pin=MD3-7
Added Pin To Net: NetName=3V3 Pin=MD3-8
Added Pin To Net: NetName=MISO_TFT Pin=MD3-9
Added Member To Class: ClassName=main Member=Component MD3 DISPLAY_240x320_2.8
